#
# There is insufficient memory for the Java Runtime Environment to continue.
# Native memory allocation (malloc) failed to allocate 1048576 bytes for AllocateHeap
# Possible reasons:
#   The system is out of physical RAM or swap space
#   The process is running with CompressedOops enabled, and the Java Heap may be blocking the growth of the native heap
# Possible solutions:
#   Reduce memory load on the system
#   Increase physical memory or swap space
#   Check if swap backing store is full
#   Decrease Java heap size (-Xmx/-Xms)
#   Decrease number of Java threads
#   Decrease Java thread stack sizes (-Xss)
#   Set larger code cache with -XX:ReservedCodeCacheSize=
#   JVM is running with Unscaled Compressed Oops mode in which the Java heap is
#     placed in the first 4GB address space. The Java Heap base address is the
#     maximum limit for the native heap growth. Please use -XX:HeapBaseMinAddress
#     to set the Java Heap base and to place the Java Heap above 4GB virtual address.
# This output file may be truncated or incomplete.
#
#  Out of Memory Error (c:/cygwin64/tmp/openjdk-jdk13u-windows-x64-hotspot/workspace/build/src/src/hotspot/share/memory/allocation.cpp:45), pid=3276, tid=9668
#
# JRE version: OpenJDK Runtime Environment (13.0.2+8) (build 13.0.2+8)
# Java VM: OpenJDK 64-Bit Server VM (13.0.2+8, mixed mode, sharing, tiered, compressed oops, g1 gc, windows-amd64)
# No core dump will be written. Minidumps are not enabled by default on client versions of Windows
#

---------------  S U M M A R Y ------------

Command Line: -Dcom.sun.management.jmxremote -Dcom.sun.management.jmxremote.port=63797 -Dcom.sun.management.jmxremote.authenticate=false -Dcom.sun.management.jmxremote.ssl=false -Djava.rmi.server.hostname=localhost -Dspring.jmx.enabled=true -Dspring.application.admin.enabled=true -Xverify:none -XX:TieredStopAtLevel=1 -Dspring.boot.project.name=hotelbookingsystem -Dfile.encoding=UTF-8 com.fdmgroup.hotelbookingsystem.HotelbookingsystemApplication

Host: Intel(R) Celeron(R) CPU  N3060  @ 1.60GHz, 2 cores, 3G,  Windows 10 , 64 bit Build 14393 (10.0.14393.2214)
Time: Mon Mar 30 16:28:05 2020 GMT Summer Time elapsed time: 383 seconds (0d 0h 6m 23s)

---------------  T H R E A D  ---------------

Current thread (0x00000244af9ec800):  VMThread "VM Thread" [stack: 0x0000006567300000,0x0000006567400000] [id=9668]

Stack: [0x0000006567300000,0x0000006567400000]
[error occurred during error reporting (printing stack bounds), id 0xc0000005, EXCEPTION_ACCESS_VIOLATION (0xc0000005) at pc=0x00000244b98410bd]

Native frames: (J=compiled Java code, j=interpreted, Vv=VM code, C=native code)
V  [jvm.dll+0x62b46a]
V  [jvm.dll+0x7d438a]
V  [jvm.dll+0x7d5b3f]
V  [jvm.dll+0x7d60a5]
V  [jvm.dll+0x7d605b]
V  [jvm.dll+0x62a9af]
C  [ntdll.dll+0x6c830]
C  [ntdll.dll+0x4964b]
C  [ntdll.dll+0xa9cba]
C  0x00000244b98410bd

VM_Operation (0x000000656a4fecd0): G1CollectFull, mode: safepoint, requested by thread 0x00000244d231a800


---------------  P R O C E S S  ---------------

Threads class SMR info:
_java_thread_list=0x00000244d295b710, length=17, elements={
0x00000244cd675000, 0x00000244cd67f000, 0x00000244cd68e000, 0x00000244cd68f000,
0x00000244cd692000, 0x00000244cd6bf000, 0x00000244af9d4000, 0x00000244ce0aa800,
0x00000244ce53b800, 0x00000244ce542800, 0x00000244ce563000, 0x00000244ce935800,
0x00000244cfdda000, 0x00000244cfdd5800, 0x00000244cfdd6000, 0x00000244d231b800,
0x00000244d231a800
}

Java Threads: ( => current thread )
  0x00000244cd675000 JavaThread "Reference Handler" daemon [_thread_blocked, id=4452, stack(0x0000006567400000,0x0000006567500000)]
  0x00000244cd67f000 JavaThread "Finalizer" daemon [_thread_blocked, id=9556, stack(0x0000006567500000,0x0000006567600000)]
  0x00000244cd68e000 JavaThread "Signal Dispatcher" daemon [_thread_blocked, id=6880, stack(0x0000006567600000,0x0000006567700000)]
  0x00000244cd68f000 JavaThread "Attach Listener" daemon [_thread_blocked, id=9344, stack(0x0000006567700000,0x0000006567800000)]
  0x00000244cd692000 JavaThread "C1 CompilerThread0" daemon [_thread_blocked, id=9924, stack(0x0000006567800000,0x0000006567900000)]
  0x00000244cd6bf000 JavaThread "Sweeper thread" daemon [_thread_blocked, id=5360, stack(0x0000006567900000,0x0000006567a00000)]
  0x00000244af9d4000 JavaThread "Common-Cleaner" daemon [_thread_blocked, id=664, stack(0x0000006567a00000,0x0000006567b00000)]
  0x00000244ce0aa800 JavaThread "Service Thread" daemon [_thread_blocked, id=10660, stack(0x0000006567b00000,0x0000006567c00000)]
  0x00000244ce53b800 JavaThread "RMI TCP Accept-0" daemon [_thread_in_native, id=6024, stack(0x0000006567d00000,0x0000006567e00000)]
  0x00000244ce542800 JavaThread "RMI TCP Accept-63797" daemon [_thread_in_native, id=6192, stack(0x0000006567e00000,0x0000006567f00000)]
  0x00000244ce563000 JavaThread "RMI TCP Accept-0" daemon [_thread_in_native, id=7276, stack(0x0000006567f00000,0x0000006568000000)]
  0x00000244ce935800 JavaThread "RMI Scheduler(0)" daemon [_thread_blocked, id=10164, stack(0x0000006568900000,0x0000006568a00000)]
  0x00000244cfdda000 JavaThread "Catalina-utility-1" [_thread_blocked, id=8256, stack(0x0000006568f00000,0x0000006569000000)]
  0x00000244cfdd5800 JavaThread "Catalina-utility-2" [_thread_blocked, id=3328, stack(0x0000006569000000,0x0000006569100000)]
  0x00000244cfdd6000 JavaThread "Live Reload Server" daemon [_thread_in_native, id=9356, stack(0x0000006569300000,0x0000006569400000)]
  0x00000244d231b800 JavaThread "DestroyJavaVM" [_thread_blocked, id=7852, stack(0x0000006566d00000,0x0000006566e00000)]
  0x00000244d231a800 JavaThread "Thread-5" [_thread_blocked, id=9800, stack(0x000000656a400000,0x000000656a500000)]

Other Threads:
=>0x00000244af9ec800 VMThread "VM Thread" [stack: 0x0000006567300000,0x0000006567400000] [id=9668]
  0x00000244ce567000 WatcherThread [stack: 0x0000006568000000,0x0000006568100000] [id=10920]
  0x00000244af94d800 GCTaskThread "GC Thread#0" [stack: 0x0000006566e00000,0x0000006566f00000] [id=7472]
  0x00000244ce4c1800 GCTaskThread "GC Thread#1" [stack: 0x0000006567c00000,0x0000006567d00000] [id=1920]
  0x00000244af959800 ConcurrentGCThread "G1 Main Marker" [stack: 0x0000006566f00000,0x0000006567000000] [id=1624]
  0x00000244af95b800 ConcurrentGCThread "G1 Conc#0" [stack: 0x0000006567000000,0x0000006567100000] [id=11156]
  0x00000244af9a6000 ConcurrentGCThread "G1 Refine#0" [stack: 0x0000006567100000,0x0000006567200000] [id=8960]
  0x00000244af9a9000 ConcurrentGCThread "G1 Young RemSet Sampling" [stack: 0x0000006567200000,0x0000006567300000] [id=7768]

Threads with active compile tasks:

VM state:at safepoint (normal execution)

VM Mutex/Monitor currently owned by a thread:  ([mutex/lock_event])
[0x00000244af91c250] Threads_lock - owner thread: 0x00000244af9ec800
[0x00000244af91bb90] Heap_lock - owner thread: 0x00000244d231a800

Heap address: 0x00000000c1600000, size: 1002 MB, Compressed Oops mode: 32-bit
Narrow klass base: 0x0000000800000000, Narrow klass shift: 3
Compressed class space size: 1073741824 Address: 0x0000000800b50000

Heap:
 garbage-first heap   total 86016K, used 44234K [0x00000000c1600000, 0x0000000100000000)
  region size 1024K, 22 young (22528K), 3 survivors (3072K)
 Metaspace       used 60266K, capacity 62121K, committed 62336K, reserved 1103872K
  class space    used 7855K, capacity 8515K, committed 8576K, reserved 1048576K
Heap Regions: E=young(eden), S=young(survivor), O=old, HS=humongous(starts), HC=humongous(continues), CS=collection set, F=free, A=archive, TAMS=top-at-mark-start (previous, next)
|   0|0x00000000c1600000, 0x00000000c1700000, 0x00000000c1700000|100%|HS|  |TAMS 0x00000000c1700000, 0x00000000c1600000| Complete 
|   1|0x00000000c1700000, 0x00000000c1800000, 0x00000000c1800000|100%| O|  |TAMS 0x00000000c1800000, 0x00000000c1700000| Untracked 
|   2|0x00000000c1800000, 0x00000000c1900000, 0x00000000c1900000|100%| O|  |TAMS 0x00000000c1900000, 0x00000000c1800000| Untracked 
|   3|0x00000000c1900000, 0x00000000c1a00000, 0x00000000c1a00000|100%| O|  |TAMS 0x00000000c1a00000, 0x00000000c1900000| Untracked 
|   4|0x00000000c1a00000, 0x00000000c1b00000, 0x00000000c1b00000|100%| O|  |TAMS 0x00000000c1b00000, 0x00000000c1a00000| Untracked 
|   5|0x00000000c1b00000, 0x00000000c1c00000, 0x00000000c1c00000|100%| O|  |TAMS 0x00000000c1c00000, 0x00000000c1b00000| Untracked 
|   6|0x00000000c1c00000, 0x00000000c1d00000, 0x00000000c1d00000|100%| O|  |TAMS 0x00000000c1d00000, 0x00000000c1c00000| Untracked 
|   7|0x00000000c1d00000, 0x00000000c1e00000, 0x00000000c1e00000|100%| O|  |TAMS 0x00000000c1e00000, 0x00000000c1d00000| Untracked 
|   8|0x00000000c1e00000, 0x00000000c1f00000, 0x00000000c1f00000|100%| O|  |TAMS 0x00000000c1f00000, 0x00000000c1e00000| Untracked 
|   9|0x00000000c1f00000, 0x00000000c1fb9a00, 0x00000000c2000000| 72%| O|  |TAMS 0x00000000c1fb9a00, 0x00000000c1f00000| Untracked 
|  10|0x00000000c2000000, 0x00000000c2100000, 0x00000000c2100000|100%| O|  |TAMS 0x00000000c2100000, 0x00000000c2000000| Untracked 
|  11|0x00000000c2100000, 0x00000000c2200000, 0x00000000c2200000|100%| O|  |TAMS 0x00000000c2200000, 0x00000000c2100000| Untracked 
|  12|0x00000000c2200000, 0x00000000c2300000, 0x00000000c2300000|100%| O|  |TAMS 0x00000000c2300000, 0x00000000c2200000| Untracked 
|  13|0x00000000c2300000, 0x00000000c2400000, 0x00000000c2400000|100%| O|  |TAMS 0x00000000c2400000, 0x00000000c2300000| Untracked 
|  14|0x00000000c2400000, 0x00000000c2500000, 0x00000000c2500000|100%| O|  |TAMS 0x00000000c2500000, 0x00000000c2400000| Untracked 
|  15|0x00000000c2500000, 0x00000000c25ece00, 0x00000000c2600000| 92%| O|  |TAMS 0x00000000c25ece00, 0x00000000c2500000| Untracked 
|  16|0x00000000c2600000, 0x00000000c2700000, 0x00000000c2700000|100%| O|  |TAMS 0x00000000c2700000, 0x00000000c2600000| Untracked 
|  17|0x00000000c2700000, 0x00000000c2800000, 0x00000000c2800000|100%| O|  |TAMS 0x00000000c2800000, 0x00000000c2700000| Untracked 
|  18|0x00000000c2800000, 0x00000000c2900000, 0x00000000c2900000|100%| O|  |TAMS 0x00000000c2900000, 0x00000000c2800000| Untracked 
|  19|0x00000000c2900000, 0x00000000c2a00000, 0x00000000c2a00000|100%| O|  |TAMS 0x00000000c2a00000, 0x00000000c2900000| Untracked 
|  20|0x00000000c2a00000, 0x00000000c2b00000, 0x00000000c2b00000|100%| O|  |TAMS 0x00000000c2b00000, 0x00000000c2a00000| Untracked 
|  21|0x00000000c2b00000, 0x00000000c2c00000, 0x00000000c2c00000|100%| O|  |TAMS 0x00000000c2c00000, 0x00000000c2b00000| Untracked 
|  22|0x00000000c2c00000, 0x00000000c2d00000, 0x00000000c2d00000|100%| O|  |TAMS 0x00000000c2c71000, 0x00000000c2c00000| Untracked 
|  23|0x00000000c2d00000, 0x00000000c2df0800, 0x00000000c2e00000| 93%| O|  |TAMS 0x00000000c2d00000, 0x00000000c2d00000| Untracked 
|  24|0x00000000c2e00000, 0x00000000c2e00000, 0x00000000c2f00000|  0%| F|  |TAMS 0x00000000c2e00000, 0x00000000c2e00000| Untracked 
|  25|0x00000000c2f00000, 0x00000000c2f00000, 0x00000000c3000000|  0%| F|  |TAMS 0x00000000c2f00000, 0x00000000c2f00000| Untracked 
|  26|0x00000000c3000000, 0x00000000c3000000, 0x00000000c3100000|  0%| F|  |TAMS 0x00000000c3000000, 0x00000000c3000000| Untracked 
|  27|0x00000000c3100000, 0x00000000c3100000, 0x00000000c3200000|  0%| F|  |TAMS 0x00000000c3100000, 0x00000000c3100000| Untracked 
|  28|0x00000000c3200000, 0x00000000c3200000, 0x00000000c3300000|  0%| F|  |TAMS 0x00000000c3200000, 0x00000000c3200000| Untracked 
|  29|0x00000000c3300000, 0x00000000c3300000, 0x00000000c3400000|  0%| F|  |TAMS 0x00000000c3300000, 0x00000000c3300000| Untracked 
|  30|0x00000000c3400000, 0x00000000c3400000, 0x00000000c3500000|  0%| F|  |TAMS 0x00000000c3400000, 0x00000000c3400000| Untracked 
|  31|0x00000000c3500000, 0x00000000c3500000, 0x00000000c3600000|  0%| F|  |TAMS 0x00000000c3500000, 0x00000000c3500000| Untracked 
|  32|0x00000000c3600000, 0x00000000c3600000, 0x00000000c3700000|  0%| F|  |TAMS 0x00000000c3600000, 0x00000000c3600000| Untracked 
|  33|0x00000000c3700000, 0x00000000c3700000, 0x00000000c3800000|  0%| F|  |TAMS 0x00000000c3700000, 0x00000000c3700000| Untracked 
|  34|0x00000000c3800000, 0x00000000c3800000, 0x00000000c3900000|  0%| F|  |TAMS 0x00000000c3800000, 0x00000000c3800000| Untracked 
|  35|0x00000000c3900000, 0x00000000c3900000, 0x00000000c3a00000|  0%| F|  |TAMS 0x00000000c3900000, 0x00000000c3900000| Untracked 
|  36|0x00000000c3a00000, 0x00000000c3a00000, 0x00000000c3b00000|  0%| F|  |TAMS 0x00000000c3a00000, 0x00000000c3a00000| Untracked 
|  37|0x00000000c3b00000, 0x00000000c3b00000, 0x00000000c3c00000|  0%| F|  |TAMS 0x00000000c3b00000, 0x00000000c3b00000| Untracked 
|  38|0x00000000c3c00000, 0x00000000c3c00000, 0x00000000c3d00000|  0%| F|  |TAMS 0x00000000c3c00000, 0x00000000c3c00000| Untracked 
|  39|0x00000000c3d00000, 0x00000000c3d9ba90, 0x00000000c3e00000| 60%| S|CS|TAMS 0x00000000c3d00000, 0x00000000c3d00000| Complete 
|  40|0x00000000c3e00000, 0x00000000c3f00000, 0x00000000c3f00000|100%| S|CS|TAMS 0x00000000c3e00000, 0x00000000c3e00000| Complete 
|  41|0x00000000c3f00000, 0x00000000c4000000, 0x00000000c4000000|100%| S|CS|TAMS 0x00000000c3f00000, 0x00000000c3f00000| Complete 
|  42|0x00000000c4000000, 0x00000000c4000000, 0x00000000c4100000|  0%| F|  |TAMS 0x00000000c4000000, 0x00000000c4000000| Untracked 
|  43|0x00000000c4100000, 0x00000000c4100000, 0x00000000c4200000|  0%| F|  |TAMS 0x00000000c4100000, 0x00000000c4100000| Untracked 
|  44|0x00000000c4200000, 0x00000000c4200000, 0x00000000c4300000|  0%| F|  |TAMS 0x00000000c4200000, 0x00000000c4200000| Untracked 
|  45|0x00000000c4300000, 0x00000000c4300000, 0x00000000c4400000|  0%| F|  |TAMS 0x00000000c4300000, 0x00000000c4300000| Untracked 
|  46|0x00000000c4400000, 0x00000000c4400000, 0x00000000c4500000|  0%| F|  |TAMS 0x00000000c4400000, 0x00000000c4400000| Untracked 
|  47|0x00000000c4500000, 0x00000000c4500000, 0x00000000c4600000|  0%| F|  |TAMS 0x00000000c4500000, 0x00000000c4500000| Untracked 
|  48|0x00000000c4600000, 0x00000000c4600000, 0x00000000c4700000|  0%| F|  |TAMS 0x00000000c4600000, 0x00000000c4600000| Untracked 
|  49|0x00000000c4700000, 0x00000000c4700000, 0x00000000c4800000|  0%| F|  |TAMS 0x00000000c4700000, 0x00000000c4700000| Untracked 
|  50|0x00000000c4800000, 0x00000000c4800000, 0x00000000c4900000|  0%| F|  |TAMS 0x00000000c4800000, 0x00000000c4800000| Untracked 
|  51|0x00000000c4900000, 0x00000000c4900000, 0x00000000c4a00000|  0%| F|  |TAMS 0x00000000c4900000, 0x00000000c4900000| Untracked 
|  52|0x00000000c4a00000, 0x00000000c4a00000, 0x00000000c4b00000|  0%| F|  |TAMS 0x00000000c4a00000, 0x00000000c4a00000| Untracked 
|  53|0x00000000c4b00000, 0x00000000c4b00000, 0x00000000c4c00000|  0%| F|  |TAMS 0x00000000c4b00000, 0x00000000c4b00000| Untracked 
|  54|0x00000000c4c00000, 0x00000000c4c00000, 0x00000000c4d00000|  0%| F|  |TAMS 0x00000000c4c00000, 0x00000000c4c00000| Untracked 
|  55|0x00000000c4d00000, 0x00000000c4d00000, 0x00000000c4e00000|  0%| F|  |TAMS 0x00000000c4d00000, 0x00000000c4d00000| Untracked 
|  56|0x00000000c4e00000, 0x00000000c4e00000, 0x00000000c4f00000|  0%| F|  |TAMS 0x00000000c4e00000, 0x00000000c4e00000| Untracked 
|  57|0x00000000c4f00000, 0x00000000c4f00000, 0x00000000c5000000|  0%| F|  |TAMS 0x00000000c4f00000, 0x00000000c4f00000| Untracked 
|  58|0x00000000c5000000, 0x00000000c5000000, 0x00000000c5100000|  0%| F|  |TAMS 0x00000000c5000000, 0x00000000c5000000| Untracked 
|  59|0x00000000c5100000, 0x00000000c5100000, 0x00000000c5200000|  0%| F|  |TAMS 0x00000000c5100000, 0x00000000c5100000| Untracked 
|  60|0x00000000c5200000, 0x00000000c5200000, 0x00000000c5300000|  0%| F|  |TAMS 0x00000000c5200000, 0x00000000c5200000| Untracked 
|  61|0x00000000c5300000, 0x00000000c5300000, 0x00000000c5400000|  0%| F|  |TAMS 0x00000000c5300000, 0x00000000c5300000| Untracked 
|  62|0x00000000c5400000, 0x00000000c5400000, 0x00000000c5500000|  0%| F|  |TAMS 0x00000000c5400000, 0x00000000c5400000| Untracked 
|  63|0x00000000c5500000, 0x00000000c5500000, 0x00000000c5600000|  0%| F|  |TAMS 0x00000000c5500000, 0x00000000c5500000| Untracked 
|  64|0x00000000c5600000, 0x00000000c5600000, 0x00000000c5700000|  0%| F|  |TAMS 0x00000000c5600000, 0x00000000c5600000| Untracked 
|  65|0x00000000c5700000, 0x00000000c57a72d8, 0x00000000c5800000| 65%| E|  |TAMS 0x00000000c5700000, 0x00000000c5700000| Complete 
|  66|0x00000000c5800000, 0x00000000c5900000, 0x00000000c5900000|100%| E|CS|TAMS 0x00000000c5800000, 0x00000000c5800000| Complete 
|  67|0x00000000c5900000, 0x00000000c5a00000, 0x00000000c5a00000|100%| E|CS|TAMS 0x00000000c5900000, 0x00000000c5900000| Complete 
|  68|0x00000000c5a00000, 0x00000000c5b00000, 0x00000000c5b00000|100%| E|CS|TAMS 0x00000000c5a00000, 0x00000000c5a00000| Complete 
|  69|0x00000000c5b00000, 0x00000000c5c00000, 0x00000000c5c00000|100%| E|CS|TAMS 0x00000000c5b00000, 0x00000000c5b00000| Complete 
|  70|0x00000000c5c00000, 0x00000000c5d00000, 0x00000000c5d00000|100%| E|CS|TAMS 0x00000000c5c00000, 0x00000000c5c00000| Complete 
|  71|0x00000000c5d00000, 0x00000000c5e00000, 0x00000000c5e00000|100%| E|CS|TAMS 0x00000000c5d00000, 0x00000000c5d00000| Complete 
|  72|0x00000000c5e00000, 0x00000000c5f00000, 0x00000000c5f00000|100%| E|CS|TAMS 0x00000000c5e00000, 0x00000000c5e00000| Complete 
|  73|0x00000000c5f00000, 0x00000000c6000000, 0x00000000c6000000|100%| E|CS|TAMS 0x00000000c5f00000, 0x00000000c5f00000| Complete 
|  74|0x00000000c6000000, 0x00000000c6100000, 0x00000000c6100000|100%| E|CS|TAMS 0x00000000c6000000, 0x00000000c6000000| Complete 
|  75|0x00000000c6100000, 0x00000000c6200000, 0x00000000c6200000|100%| E|CS|TAMS 0x00000000c6100000, 0x00000000c6100000| Complete 
|  76|0x00000000c6200000, 0x00000000c6300000, 0x00000000c6300000|100%| E|CS|TAMS 0x00000000c6200000, 0x00000000c6200000| Complete 
|  77|0x00000000c6300000, 0x00000000c6400000, 0x00000000c6400000|100%| E|CS|TAMS 0x00000000c6300000, 0x00000000c6300000| Complete 
|  78|0x00000000c6400000, 0x00000000c6500000, 0x00000000c6500000|100%| E|CS|TAMS 0x00000000c6400000, 0x00000000c6400000| Complete 
|  79|0x00000000c6500000, 0x00000000c6600000, 0x00000000c6600000|100%| E|CS|TAMS 0x00000000c6500000, 0x00000000c6500000| Complete 
|  80|0x00000000c6600000, 0x00000000c6700000, 0x00000000c6700000|100%| E|CS|TAMS 0x00000000c6600000, 0x00000000c6600000| Complete 
|  81|0x00000000c6700000, 0x00000000c6800000, 0x00000000c6800000|100%| E|CS|TAMS 0x00000000c6700000, 0x00000000c6700000| Complete 
|  82|0x00000000c6800000, 0x00000000c6900000, 0x00000000c6900000|100%| E|  |TAMS 0x00000000c6800000, 0x00000000c6800000| Complete 
|  99|0x00000000c7900000, 0x00000000c7a00000, 0x00000000c7a00000|100%| E|CS|TAMS 0x00000000c7900000, 0x00000000c7900000| Complete 

Card table byte_map: [0x00000244c8f80000,0x00000244c9180000] _byte_map_base: 0x00000244c8975000

Marking Bits (Prev, Next): (CMBitMap*) 0x00000244af950ca8, (CMBitMap*) 0x00000244af950c68
 Prev Bits: [0x00000244ca330000, 0x00000244cb2d8000)
 Next Bits: [0x00000244c9380000, 0x00000244ca328000)

Polling page: 0x00000244af9f0000

Metaspace:

Usage:
  Non-class:     52.35 MB capacity,    51.18 MB ( 98%) used,   994.88 KB (  2%) free+waste,   200.19 KB ( <1%) overhead. 
      Class:      8.32 MB capacity,     7.67 MB ( 92%) used,   563.45 KB (  7%) free+waste,    96.06 KB (  1%) overhead. 
       Both:     60.67 MB capacity,    58.85 MB ( 97%) used,     1.52 MB (  3%) free+waste,   296.25 KB ( <1%) overhead. 

Virtual space:
  Non-class space:       54.00 MB reserved,      52.50 MB ( 97%) committed 
      Class space:        1.00 GB reserved,       8.38 MB ( <1%) committed 
             Both:        1.05 GB reserved,      60.88 MB (  6%) committed 

Chunk freelists:
   Non-Class:  26.00 KB
       Class:  1.00 KB
        Both:  27.00 KB

MaxMetaspaceSize: 17179869184.00 GB
CompressedClassSpaceSize: 1.00 GB

CodeHeap 'non-profiled nmethods': size=239488Kb used=11047Kb max_used=11047Kb free=228440Kb
 bounds [0x00000244b9e60000, 0x00000244ba930000, 0x00000244c8840000]
CodeHeap 'non-nmethods': size=6272Kb used=1344Kb max_used=1344Kb free=4927Kb
 bounds [0x00000244b9840000, 0x00000244b9ab0000, 0x00000244b9e60000]
 total_blobs=7234 nmethods=6187 adapters=572
 compilation: enabled
              stopped_count=0, restarted_count=0
 full_count=0

Compilation events (20 events):
Event: 378.974 Thread 0x00000244cd692000 6308       1       sun.nio.ch.SocketChannelImpl::getFDVal (5 bytes)
Event: 378.975 Thread 0x00000244cd692000 nmethod 6308 0x00000244ba925d10 code [0x00000244ba925ea0, 0x00000244ba925fd8]
Event: 382.739 Thread 0x00000244cd692000 6309       1       java.net.InetAddress::holder (5 bytes)
Event: 382.741 Thread 0x00000244cd692000 nmethod 6309 0x00000244ba926090 code [0x00000244ba926220, 0x00000244ba926358]
Event: 383.064 Thread 0x00000244cd692000 6310       1       org.apache.catalina.mapper.MapperListener::lifecycleEvent (178 bytes)
Event: 383.074 Thread 0x00000244cd692000 nmethod 6310 0x00000244ba926410 code [0x00000244ba926680, 0x00000244ba926fa0]
Event: 383.092 Thread 0x00000244cd692000 6311   !   1       org.apache.catalina.core.ContainerBase::getRealmInternal (38 bytes)
Event: 383.094 Thread 0x00000244cd692000 nmethod 6311 0x00000244ba927310 code [0x00000244ba927500, 0x00000244ba927840]
Event: 383.121 Thread 0x00000244cd692000 6312       1       java.security.ProtectionDomain$Key::<init> (10 bytes)
Event: 383.122 Thread 0x00000244cd692000 nmethod 6312 0x00000244ba927a90 code [0x00000244ba927c20, 0x00000244ba927d98]
Event: 383.461 Thread 0x00000244cd692000 6313  s    1       org.apache.catalina.util.LifecycleBase::setStateInternal (144 bytes)
Event: 383.471 Thread 0x00000244cd692000 nmethod 6313 0x00000244ba927e10 code [0x00000244ba928040, 0x00000244ba9288d0]
Event: 383.505 Thread 0x00000244cd692000 6314   !   1       org.apache.catalina.core.ContainerBase::getClusterInternal (38 bytes)
Event: 383.506 Thread 0x00000244cd692000 nmethod 6314 0x00000244ba928c10 code [0x00000244ba928e00, 0x00000244ba929140]
Event: 383.506 Thread 0x00000244cd692000 6315       1       org.apache.catalina.ContainerEvent::getType (5 bytes)
Event: 383.507 Thread 0x00000244cd692000 nmethod 6315 0x00000244ba929390 code [0x00000244ba929520, 0x00000244ba929658]
Event: 383.720 Thread 0x00000244cd692000 6316       1       java.io.FileDescriptor$1::get (5 bytes)
Event: 383.720 Thread 0x00000244cd692000 nmethod 6316 0x00000244ba929710 code [0x00000244ba9298a0, 0x00000244ba9299d8]
Event: 383.725 Thread 0x00000244cd692000 6317       1       java.lang.reflect.Field::getFieldAccessor (35 bytes)
Event: 383.725 Thread 0x00000244cd692000 nmethod 6317 0x00000244ba929a90 code [0x00000244ba929c40, 0x00000244ba929dd0]

GC Heap History (20 events):
Event: 12.784 GC heap before
{Heap before GC invocations=16 (full 0):
 garbage-first heap   total 61440K, used 45097K [0x00000000c1600000, 0x0000000100000000)
  region size 1024K, 32 young (32768K), 2 survivors (2048K)
 Metaspace       used 27627K, capacity 28750K, committed 29056K, reserved 1075200K
  class space    used 3731K, capacity 4163K, committed 4224K, reserved 1048576K
}
Event: 12.799 GC heap after
{Heap after GC invocations=17 (full 0):
 garbage-first heap   total 61440K, used 16090K [0x00000000c1600000, 0x0000000100000000)
  region size 1024K, 3 young (3072K), 3 survivors (3072K)
 Metaspace       used 27627K, capacity 28750K, committed 29056K, reserved 1075200K
  class space    used 3731K, capacity 4163K, committed 4224K, reserved 1048576K
}
Event: 14.754 GC heap before
{Heap before GC invocations=17 (full 0):
 garbage-first heap   total 61440K, used 45786K [0x00000000c1600000, 0x0000000100000000)
  region size 1024K, 33 young (33792K), 3 survivors (3072K)
 Metaspace       used 33861K, capacity 35059K, committed 35200K, reserved 1079296K
  class space    used 4509K, capacity 4963K, committed 4992K, reserved 1048576K
}
Event: 14.779 GC heap after
{Heap after GC invocations=18 (full 0):
 garbage-first heap   total 61440K, used 18089K [0x00000000c1600000, 0x0000000100000000)
  region size 1024K, 5 young (5120K), 5 survivors (5120K)
 Metaspace       used 33861K, capacity 35059K, committed 35200K, reserved 1079296K
  class space    used 4509K, capacity 4963K, committed 4992K, reserved 1048576K
}
Event: 14.947 GC heap before
{Heap before GC invocations=18 (full 0):
 garbage-first heap   total 61440K, used 20137K [0x00000000c1600000, 0x0000000100000000)
  region size 1024K, 8 young (8192K), 5 survivors (5120K)
 Metaspace       used 34283K, capacity 35450K, committed 35584K, reserved 1079296K
  class space    used 4579K, capacity 5029K, committed 5120K, reserved 1048576K
}
Event: 14.977 GC heap after
{Heap after GC invocations=19 (full 0):
 garbage-first heap   total 73728K, used 18407K [0x00000000c1600000, 0x0000000100000000)
  region size 1024K, 3 young (3072K), 3 survivors (3072K)
 Metaspace       used 34283K, capacity 35450K, committed 35584K, reserved 1079296K
  class space    used 4579K, capacity 5029K, committed 5120K, reserved 1048576K
}
Event: 17.234 GC heap before
{Heap before GC invocations=20 (full 0):
 garbage-first heap   total 68608K, used 51175K [0x00000000c1600000, 0x0000000100000000)
  region size 1024K, 35 young (35840K), 3 survivors (3072K)
 Metaspace       used 40996K, capacity 42260K, committed 42496K, reserved 1085440K
  class space    used 5553K, capacity 6019K, committed 6144K, reserved 1048576K
}
Event: 17.256 GC heap after
{Heap after GC invocations=21 (full 0):
 garbage-first heap   total 68608K, used 19309K [0x00000000c1600000, 0x0000000100000000)
  region size 1024K, 4 young (4096K), 4 survivors (4096K)
 Metaspace       used 40996K, capacity 42260K, committed 42496K, reserved 1085440K
  class space    used 5553K, capacity 6019K, committed 6144K, reserved 1048576K
}
Event: 19.241 GC heap before
{Heap before GC invocations=21 (full 0):
 garbage-first heap   total 68608K, used 49005K [0x00000000c1600000, 0x0000000100000000)
  region size 1024K, 33 young (33792K), 4 survivors (4096K)
 Metaspace       used 45700K, capacity 47151K, committed 47360K, reserved 1089536K
  class space    used 6257K, capacity 6793K, committed 6912K, reserved 1048576K
}
Event: 19.268 GC heap after
{Heap after GC invocations=22 (full 0):
 garbage-first heap   total 68608K, used 21184K [0x00000000c1600000, 0x0000000100000000)
  region size 1024K, 4 young (4096K), 4 survivors (4096K)
 Metaspace       used 45700K, capacity 47151K, committed 47360K, reserved 1089536K
  class space    used 6257K, capacity 6793K, committed 6912K, reserved 1048576K
}
Event: 20.496 GC heap before
{Heap before GC invocations=22 (full 0):
 garbage-first heap   total 68608K, used 50880K [0x00000000c1600000, 0x0000000100000000)
  region size 1024K, 33 young (33792K), 4 survivors (4096K)
 Metaspace       used 47843K, capacity 49407K, committed 49664K, reserved 1091584K
  class space    used 6573K, capacity 7158K, committed 7168K, reserved 1048576K
}
Event: 20.529 GC heap after
{Heap after GC invocations=23 (full 0):
 garbage-first heap   total 68608K, used 22852K [0x00000000c1600000, 0x0000000100000000)
  region size 1024K, 4 young (4096K), 4 survivors (4096K)
 Metaspace       used 47843K, capacity 49407K, committed 49664K, reserved 1091584K
  class space    used 6573K, capacity 7158K, committed 7168K, reserved 1048576K
}
Event: 35.263 GC heap before
{Heap before GC invocations=23 (full 0):
 garbage-first heap   total 68608K, used 50500K [0x00000000c1600000, 0x0000000100000000)
  region size 1024K, 32 young (32768K), 4 survivors (4096K)
 Metaspace       used 50395K, capacity 52054K, committed 52352K, reserved 1093632K
  class space    used 6897K, capacity 7506K, committed 7552K, reserved 1048576K
}
Event: 35.305 GC heap after
{Heap after GC invocations=24 (full 0):
 garbage-first heap   total 86016K, used 24793K [0x00000000c1600000, 0x0000000100000000)
  region size 1024K, 4 young (4096K), 4 survivors (4096K)
 Metaspace       used 50395K, capacity 52054K, committed 52352K, reserved 1093632K
  class space    used 6897K, capacity 7506K, committed 7552K, reserved 1048576K
}
Event: 44.950 GC heap before
{Heap before GC invocations=24 (full 0):
 garbage-first heap   total 86016K, used 61657K [0x00000000c1600000, 0x0000000100000000)
  region size 1024K, 41 young (41984K), 4 survivors (4096K)
 Metaspace       used 55819K, capacity 57476K, committed 57728K, reserved 1099776K
  class space    used 7326K, capacity 7968K, committed 8064K, reserved 1048576K
}
Event: 44.978 GC heap after
{Heap after GC invocations=25 (full 0):
 garbage-first heap   total 86016K, used 26010K [0x00000000c1600000, 0x0000000100000000)
  region size 1024K, 4 young (4096K), 4 survivors (4096K)
 Metaspace       used 55819K, capacity 57476K, committed 57728K, reserved 1099776K
  class space    used 7326K, capacity 7968K, committed 8064K, reserved 1048576K
}
Event: 57.418 GC heap before
{Heap before GC invocations=25 (full 0):
 garbage-first heap   total 86016K, used 43418K [0x00000000c1600000, 0x0000000100000000)
  region size 1024K, 22 young (22528K), 4 survivors (4096K)
 Metaspace       used 57870K, capacity 59575K, committed 59648K, reserved 1101824K
  class space    used 7534K, capacity 8171K, committed 8192K, reserved 1048576K
}
Event: 57.464 GC heap after
{Heap after GC invocations=26 (full 0):
 garbage-first heap   total 86016K, used 26305K [0x00000000c1600000, 0x0000000100000000)
  region size 1024K, 4 young (4096K), 4 survivors (4096K)
 Metaspace       used 57870K, capacity 59575K, committed 59648K, reserved 1101824K
  class space    used 7534K, capacity 8171K, committed 8192K, reserved 1048576K
}
Event: 198.265 GC heap before
{Heap before GC invocations=27 (full 0):
 garbage-first heap   total 86016K, used 64193K [0x00000000c1600000, 0x0000000100000000)
  region size 1024K, 42 young (43008K), 4 survivors (4096K)
 Metaspace       used 59477K, capacity 61290K, committed 61440K, reserved 1101824K
  class space    used 7747K, capacity 8374K, committed 8448K, reserved 1048576K
}
Event: 198.295 GC heap after
{Heap after GC invocations=28 (full 0):
 garbage-first heap   total 86016K, used 26826K [0x00000000c1600000, 0x0000000100000000)
  region size 1024K, 3 young (3072K), 3 survivors (3072K)
 Metaspace       used 59477K, capacity 61290K, committed 61440K, reserved 1101824K
  class space    used 7747K, capacity 8374K, committed 8448K, reserved 1048576K
}

Deoptimization events (8 events):
Event: 8.905 Thread 0x00000244ce908000 DEOPT PACKING pc=0x00000244ba16ba14 sp=0x00000065688fcbb0
Event: 8.905 Thread 0x00000244ce908000 DEOPT UNPACKING pc=0x00000244b988993f sp=0x00000065688fc118 mode 0
Event: 20.868 Thread 0x00000244ce908000 DEOPT PACKING pc=0x00000244ba101a83 sp=0x00000065688fd2b0
Event: 20.869 Thread 0x00000244ce908000 DEOPT UNPACKING pc=0x00000244b988993f sp=0x00000065688fc7b8 mode 3
Event: 59.990 Thread 0x00000244d2315800 DEOPT PACKING pc=0x00000244ba7155c4 sp=0x00000065698fb590
Event: 59.990 Thread 0x00000244d2315800 DEOPT UNPACKING pc=0x00000244b988993f sp=0x00000065698faa58 mode 0
Event: 60.005 Thread 0x00000244d2315800 DEOPT PACKING pc=0x00000244ba72a8f4 sp=0x00000065698fc020
Event: 60.005 Thread 0x00000244d2315800 DEOPT UNPACKING pc=0x00000244b988993f sp=0x00000065698fb500 mode 0

Classes unloaded (1 events):
Event: 8.979 Thread 0x00000244af9ec800 Unloading class 0x0000000800c63040 'org/springframework/core/GenericTypeResolver$$Lambda$158'

Classes redefined (0 events):
No events

Internal exceptions (20 events):
Event: 63.403 Thread 0x00000244cfdd8800 Exception <a 'java/lang/ClassNotFoundException'{0x00000000c524fc70}: org/springframework/web/servlet/tags/form/AbstractFormTagBeanInfo> (0x00000000c524fc70) 
thrown [c:/cygwin64/tmp/openjdk-jdk13u-windows-x64-hotspot/workspace/build/src/src/hotspot/share/classfile/systemDictionary.cpp, line 232]
Event: 63.411 Thread 0x00000244cfdd8800 Exception <a 'java/lang/ClassNotFoundException'{0x00000000c5262bb0}: org/springframework/web/servlet/tags/HtmlEscapingAwareTagBeanInfo> (0x00000000c5262bb0) 
thrown [c:/cygwin64/tmp/openjdk-jdk13u-windows-x64-hotspot/workspace/build/src/src/hotspot/share/classfile/systemDictionary.cpp, line 232]
Event: 63.417 Thread 0x00000244cfdd8800 Exception <a 'java/lang/ClassNotFoundException'{0x00000000c5276750}: org/springframework/web/servlet/tags/RequestContextAwareTagBeanInfo> (0x00000000c5276750) 
thrown [c:/cygwin64/tmp/openjdk-jdk13u-windows-x64-hotspot/workspace/build/src/src/hotspot/share/classfile/systemDictionary.cpp, line 232]
Event: 63.435 Thread 0x00000244cfdd8800 Exception <a 'java/lang/ClassNotFoundException'{0x00000000c528a900}: org/springframework/web/servlet/tags/RequestContextAwareTagCustomizer> (0x00000000c528a900) 
thrown [c:/cygwin64/tmp/openjdk-jdk13u-windows-x64-hotspot/workspace/build/src/src/hotspot/share/classfile/systemDictionary.cpp, line 232]
Event: 63.448 Thread 0x00000244cfdd8800 Exception <a 'java/lang/ClassNotFoundException'{0x00000000c52a2d78}: org/springframework/web/servlet/tags/HtmlEscapingAwareTagCustomizer> (0x00000000c52a2d78) 
thrown [c:/cygwin64/tmp/openjdk-jdk13u-windows-x64-hotspot/workspace/build/src/src/hotspot/share/classfile/systemDictionary.cpp, line 232]
Event: 63.463 Thread 0x00000244cfdd8800 Exception <a 'java/lang/ClassNotFoundException'{0x00000000c52ba980}: org/springframework/web/servlet/tags/form/AbstractFormTagCustomizer> (0x00000000c52ba980) 
thrown [c:/cygwin64/tmp/openjdk-jdk13u-windows-x64-hotspot/workspace/build/src/src/hotspot/share/classfile/systemDictionary.cpp, line 232]
Event: 63.467 Thread 0x00000244cfdd8800 Exception <a 'java/lang/ClassNotFoundException'{0x00000000c52d2fc8}: org/springframework/web/servlet/tags/form/AbstractDataBoundFormElementTagCustomizer> (0x00000000c52d2fc8) 
thrown [c:/cygwin64/tmp/openjdk-jdk13u-windows-x64-hotspot/workspace/build/src/src/hotspot/share/classfile/systemDictionary.cpp, line 232]
Event: 63.478 Thread 0x00000244cfdd8800 Exception <a 'java/lang/ClassNotFoundException'{0x00000000c52f13c0}: org/springframework/web/servlet/tags/form/AbstractHtmlElementTagCustomizer> (0x00000000c52f13c0) 
thrown [c:/cygwin64/tmp/openjdk-jdk13u-windows-x64-hotspot/workspace/build/src/src/hotspot/share/classfile/systemDictionary.cpp, line 232]
Event: 63.483 Thread 0x00000244cfdd8800 Exception <a 'java/lang/ClassNotFoundException'{0x00000000c5116090}: org/springframework/web/servlet/tags/form/FormTagCustomizer> (0x00000000c5116090) 
thrown [c:/cygwin64/tmp/openjdk-jdk13u-windows-x64-hotspot/workspace/build/src/src/hotspot/share/classfile/systemDictionary.cpp, line 232]
Event: 63.518 Thread 0x00000244cfdd8800 Exception <a 'java/lang/ClassNotFoundException'{0x00000000c51411c0}: org/springframework/web/servlet/tags/form/LabelTagBeanInfo> (0x00000000c51411c0) 
thrown [c:/cygwin64/tmp/openjdk-jdk13u-windows-x64-hotspot/workspace/build/src/src/hotspot/share/classfile/systemDictionary.cpp, line 232]
Event: 63.527 Thread 0x00000244cfdd8800 Exception <a 'java/lang/ClassNotFoundException'{0x00000000c51532b8}: org/springframework/web/servlet/tags/form/LabelTagCustomizer> (0x00000000c51532b8) 
thrown [c:/cygwin64/tmp/openjdk-jdk13u-windows-x64-hotspot/workspace/build/src/src/hotspot/share/classfile/systemDictionary.cpp, line 232]
Event: 63.532 Thread 0x00000244cfdd8800 Exception <a 'java/lang/ClassNotFoundException'{0x00000000c5174908}: org/springframework/web/servlet/tags/form/InputTagBeanInfo> (0x00000000c5174908) 
thrown [c:/cygwin64/tmp/openjdk-jdk13u-windows-x64-hotspot/workspace/build/src/src/hotspot/share/classfile/systemDictionary.cpp, line 232]
Event: 63.535 Thread 0x00000244cfdd8800 Exception <a 'java/lang/ClassNotFoundException'{0x00000000c5189018}: org/springframework/web/servlet/tags/form/AbstractHtmlInputElementTagBeanInfo> (0x00000000c5189018) 
thrown [c:/cygwin64/tmp/openjdk-jdk13u-windows-x64-hotspot/workspace/build/src/src/hotspot/share/classfile/systemDictionary.cpp, line 232]
Event: 63.548 Thread 0x00000244cfdd8800 Exception <a 'java/lang/ClassNotFoundException'{0x00000000c519db58}: org/springframework/web/servlet/tags/form/AbstractHtmlInputElementTagCustomizer> (0x00000000c519db58) 
thrown [c:/cygwin64/tmp/openjdk-jdk13u-windows-x64-hotspot/workspace/build/src/src/hotspot/share/classfile/systemDictionary.cpp, line 232]
Event: 63.563 Thread 0x00000244cfdd8800 Exception <a 'java/lang/ClassNotFoundException'{0x00000000c51ba328}: org/springframework/web/servlet/tags/form/InputTagCustomizer> (0x00000000c51ba328) 
thrown [c:/cygwin64/tmp/openjdk-jdk13u-windows-x64-hotspot/workspace/build/src/src/hotspot/share/classfile/systemDictionary.cpp, line 232]
Event: 63.669 Thread 0x00000244cfdd8800 Exception <a 'java/lang/ArrayIndexOutOfBoundsException'{0x00000000c504c4a8}> (0x00000000c504c4a8) 
thrown [c:/cygwin64/tmp/openjdk-jdk13u-windows-x64-hotspot/workspace/build/src/src/hotspot/share/runtime/sharedRuntime.cpp, line 585]
Event: 65.088 Thread 0x00000244cfdd8800 Exception <a 'java/lang/ClassNotFoundException'{0x00000000c4642b78}: java/lang/ObjectCustomizer> (0x00000000c4642b78) 
thrown [c:/cygwin64/tmp/openjdk-jdk13u-windows-x64-hotspot/workspace/build/src/src/hotspot/share/classfile/systemDictionary.cpp, line 232]
Event: 65.091 Thread 0x00000244cfdd8800 Exception <a 'java/lang/ClassNotFoundException'{0x00000000c4658c48}: com/fdmgroup/hotelbookingsystem/model/HotelCustomizer> (0x00000000c4658c48) 
thrown [c:/cygwin64/tmp/openjdk-jdk13u-windows-x64-hotspot/workspace/build/src/src/hotspot/share/classfile/systemDictionary.cpp, line 232]
Event: 197.901 Thread 0x00000244d2316800 Exception <a 'java/lang/ArrayIndexOutOfBoundsException'{0x00000000c412ce28}> (0x00000000c412ce28) 
thrown [c:/cygwin64/tmp/openjdk-jdk13u-windows-x64-hotspot/workspace/build/src/src/hotspot/share/runtime/sharedRuntime.cpp, line 585]
Event: 383.722 Thread 0x00000244cfddc000 Exception <a 'java/lang/InterruptedException'{0x00000000c5764a10}: sleep interrupted> (0x00000000c5764a10) 
thrown [c:/cygwin64/tmp/openjdk-jdk13u-windows-x64-hotspot/workspace/build/src/src/hotspot/share/prims/jvm.cpp, line 2992]

Events (20 events):
Event: 383.712 Executing VM operation: RevokeBias done
Event: 383.712 Executing VM operation: RevokeBias
Event: 383.712 Executing VM operation: RevokeBias done
Event: 383.713 Thread 0x00000244d2312800 Thread exited: 0x00000244d2312800
Event: 383.713 Thread 0x00000244d2318000 Thread exited: 0x00000244d2318000
Event: 383.720 Executing VM operation: RevokeBias
Event: 383.720 Executing VM operation: RevokeBias done
Event: 383.720 Executing VM operation: RevokeBias
Event: 383.721 Executing VM operation: RevokeBias done
Event: 383.721 Thread 0x00000244cfdd7000 Thread exited: 0x00000244cfdd7000
Event: 383.721 Executing VM operation: RevokeBias
Event: 383.721 Executing VM operation: RevokeBias done
Event: 383.721 Executing VM operation: RevokeBias
Event: 383.721 Executing VM operation: RevokeBias done
Event: 383.721 Executing VM operation: RevokeBias
Event: 383.722 Executing VM operation: RevokeBias done
Event: 383.722 Thread 0x00000244cfddc000 Thread exited: 0x00000244cfddc000
Event: 383.723 Executing VM operation: RevokeBias
Event: 383.723 Executing VM operation: RevokeBias done
Event: 383.729 Executing VM operation: G1CollectFull


Dynamic libraries:
0x00007ff6d0e50000 - 0x00007ff6d0e5d000 	C:\Program Files\AdoptOpenJDK\jdk-13.0.2.8-hotspot\bin\javaw.exe
0x00007ffd8d1b0000 - 0x00007ffd8d382000 	C:\windows\SYSTEM32\ntdll.dll
0x00007ffd8a8e0000 - 0x00007ffd8a98c000 	C:\windows\System32\KERNEL32.DLL
0x00007ffd8a520000 - 0x00007ffd8a73d000 	C:\windows\System32\KERNELBASE.dll
0x00007ffd89930000 - 0x00007ffd89a25000 	C:\windows\System32\ucrtbase.dll
0x00007ffd82b00000 - 0x00007ffd82b18000 	C:\Program Files\AdoptOpenJDK\jdk-13.0.2.8-hotspot\bin\jli.dll
0x00007ffd8d030000 - 0x00007ffd8d195000 	C:\windows\System32\USER32.dll
0x00007ffd89a30000 - 0x00007ffd89a4e000 	C:\windows\System32\win32u.dll
0x00007ffd8c100000 - 0x00007ffd8c134000 	C:\windows\System32\GDI32.dll
0x00007ffd896b0000 - 0x00007ffd89830000 	C:\windows\System32\gdi32full.dll
0x00007ffd81ab0000 - 0x00007ffd81ac6000 	C:\Program Files\AdoptOpenJDK\jdk-13.0.2.8-hotspot\bin\VCRUNTIME140.dll
0x00007ffd7e420000 - 0x00007ffd7e69a000 	C:\windows\WinSxS\amd64_microsoft.windows.common-controls_6595b64144ccf1df_6.0.14393.953_none_42151e83c686086b\COMCTL32.dll
0x00007ffd8ab50000 - 0x00007ffd8abee000 	C:\windows\System32\msvcrt.dll
0x00007ffd8c6c0000 - 0x00007ffd8c988000 	C:\windows\System32\combase.dll
0x00007ffd8a740000 - 0x00007ffd8a861000 	C:\windows\System32\RPCRT4.dll
0x00007ffd89c20000 - 0x00007ffd89c8a000 	C:\windows\System32\bcryptPrimitives.dll
0x00007ffd8d000000 - 0x00007ffd8d02e000 	C:\windows\System32\IMM32.DLL
0x00007ffd62ce0000 - 0x00007ffd62d7b000 	C:\Program Files\AdoptOpenJDK\jdk-13.0.2.8-hotspot\bin\msvcp140.dll
0x00007ffd47eb0000 - 0x00007ffd48a9b000 	C:\Program Files\AdoptOpenJDK\jdk-13.0.2.8-hotspot\bin\server\jvm.dll
0x00007ffd8c570000 - 0x00007ffd8c612000 	C:\windows\System32\ADVAPI32.dll
0x00007ffd8cc90000 - 0x00007ffd8cce9000 	C:\windows\System32\sechost.dll
0x00007ffd8a870000 - 0x00007ffd8a878000 	C:\windows\System32\PSAPI.DLL
0x00007ffd86ac0000 - 0x00007ffd86ac9000 	C:\windows\SYSTEM32\WSOCK32.dll
0x00007ffd8cc00000 - 0x00007ffd8cc6a000 	C:\windows\System32\WS2_32.dll
0x00007ffd87a70000 - 0x00007ffd87a93000 	C:\windows\SYSTEM32\WINMM.dll
0x00007ffd7e990000 - 0x00007ffd7e99a000 	C:\windows\SYSTEM32\VERSION.dll
0x00007ffd87a40000 - 0x00007ffd87a6b000 	C:\windows\SYSTEM32\WINMMBASE.dll
0x00007ffd89c90000 - 0x00007ffd89cd2000 	C:\windows\System32\cfgmgr32.dll
0x00007ffd89630000 - 0x00007ffd8963f000 	C:\windows\System32\kernel.appcore.dll
0x00007ffd87280000 - 0x00007ffd87290000 	C:\Program Files\AdoptOpenJDK\jdk-13.0.2.8-hotspot\bin\verify.dll
0x00007ffd868e0000 - 0x00007ffd86a72000 	C:\windows\SYSTEM32\DBGHELP.DLL
0x00007ffd75fc0000 - 0x00007ffd75fe9000 	C:\windows\SYSTEM32\dbgcore.DLL
0x00007ffd87120000 - 0x00007ffd87146000 	C:\Program Files\AdoptOpenJDK\jdk-13.0.2.8-hotspot\bin\java.dll
0x00007ffd871e0000 - 0x00007ffd871f7000 	C:\Program Files\AdoptOpenJDK\jdk-13.0.2.8-hotspot\bin\zip.dll
0x00007ffd864b0000 - 0x00007ffd864ba000 	C:\Program Files\AdoptOpenJDK\jdk-13.0.2.8-hotspot\bin\jimage.dll
0x00007ffd8abf0000 - 0x00007ffd8c0f9000 	C:\windows\System32\SHELL32.dll
0x00007ffd89ce0000 - 0x00007ffd8a3b9000 	C:\windows\System32\windows.storage.dll
0x00007ffd89660000 - 0x00007ffd896ac000 	C:\windows\System32\powrprof.dll
0x00007ffd8a880000 - 0x00007ffd8a8d2000 	C:\windows\System32\shlwapi.dll
0x00007ffd8a470000 - 0x00007ffd8a519000 	C:\windows\System32\shcore.dll
0x00007ffd89640000 - 0x00007ffd89654000 	C:\windows\System32\profapi.dll
0x00007ffd83e60000 - 0x00007ffd83e79000 	C:\Program Files\AdoptOpenJDK\jdk-13.0.2.8-hotspot\bin\net.dll
0x00007ffd7a2a0000 - 0x00007ffd7a36d000 	C:\windows\SYSTEM32\WINHTTP.dll
0x00007ffd88ef0000 - 0x00007ffd88f4c000 	C:\windows\system32\mswsock.dll
0x00007ffd83d70000 - 0x00007ffd83d83000 	C:\Program Files\AdoptOpenJDK\jdk-13.0.2.8-hotspot\bin\nio.dll
0x00007ffd83e30000 - 0x00007ffd83e39000 	C:\Program Files\AdoptOpenJDK\jdk-13.0.2.8-hotspot\bin\management.dll
0x00007ffd83e10000 - 0x00007ffd83e1b000 	C:\Program Files\AdoptOpenJDK\jdk-13.0.2.8-hotspot\bin\management_ext.dll
0x00007ffd6bbb0000 - 0x00007ffd6bbc6000 	C:\windows\system32\napinsp.dll
0x00007ffd6bbd0000 - 0x00007ffd6bbea000 	C:\windows\system32\pnrpnsp.dll
0x00007ffd86e00000 - 0x00007ffd86e18000 	C:\windows\system32\NLAapi.dll
0x00007ffd88cb0000 - 0x00007ffd88d51000 	C:\windows\SYSTEM32\DNSAPI.dll
0x00007ffd8ccf0000 - 0x00007ffd8ccf8000 	C:\windows\System32\NSI.dll
0x00007ffd88c70000 - 0x00007ffd88ca8000 	C:\windows\SYSTEM32\IPHLPAPI.DLL
0x00007ffd6bd50000 - 0x00007ffd6bd5e000 	C:\windows\System32\winrnr.dll
0x000000005f7e0000 - 0x000000005f806000 	C:\Program Files\Bonjour\mdnsNSP.dll
0x00007ffd6bc50000 - 0x00007ffd6bc65000 	C:\windows\System32\wshbth.dll
0x00007ffd77460000 - 0x00007ffd7746a000 	C:\Windows\System32\rasadhlp.dll
0x00007ffd7fdc0000 - 0x00007ffd7fe2a000 	C:\windows\System32\fwpuclnt.dll
0x00007ffd89560000 - 0x00007ffd8958b000 	C:\windows\SYSTEM32\bcrypt.dll
0x00007ffd89090000 - 0x00007ffd890a7000 	C:\windows\SYSTEM32\CRYPTSP.dll
0x00007ffd88af0000 - 0x00007ffd88b23000 	C:\windows\system32\rsaenh.dll
0x00007ffd88d70000 - 0x00007ffd88d8f000 	C:\windows\SYSTEM32\USERENV.dll
0x00007ffd890b0000 - 0x00007ffd890bb000 	C:\windows\SYSTEM32\CRYPTBASE.dll
0x00007ffd80500000 - 0x00007ffd80516000 	C:\windows\SYSTEM32\dhcpcsvc6.DLL
0x00007ffd80970000 - 0x00007ffd8098a000 	C:\windows\SYSTEM32\dhcpcsvc.DLL

dbghelp: loaded successfully - version: 4.0.5 - missing functions: none
symbol engine: initialized successfully - sym options: 0x614 - pdb path: .;C:\Program Files\AdoptOpenJDK\jdk-13.0.2.8-hotspot\bin;C:\windows\SYSTEM32;C:\windows\WinSxS\amd64_microsoft.windows.common-controls_6595b64144ccf1df_6.0.14393.953_none_42151e83c686086b;C:\Program Files\AdoptOpenJDK\jdk-13.0.2.8-hotspot\bin\server;C:\Program Files\Bonjour

VM Arguments:
jvm_args: -Dcom.sun.management.jmxremote -Dcom.sun.management.jmxremote.port=63797 -Dcom.sun.management.jmxremote.authenticate=false -Dcom.sun.management.jmxremote.ssl=false -Djava.rmi.server.hostname=localhost -Dspring.jmx.enabled=true -Dspring.application.admin.enabled=true -Xverify:none -XX:TieredStopAtLevel=1 -Dspring.boot.project.name=hotelbookingsystem -Dfile.encoding=UTF-8 
java_command: com.fdmgroup.hotelbookingsystem.HotelbookingsystemApplication
java_class_path (initial): C:\Users\paul\git\hotelbookingsystem\target\classes;C:\Users\paul\.m2\repository\org\springframework\boot\spring-boot-starter-data-jpa\2.2.6.RELEASE\spring-boot-starter-data-jpa-2.2.6.RELEASE.jar;C:\Users\paul\.m2\repository\org\springframework\boot\spring-boot-starter-aop\2.2.6.RELEASE\spring-boot-starter-aop-2.2.6.RELEASE.jar;C:\Users\paul\.m2\repository\org\springframework\spring-aop\5.2.5.RELEASE\spring-aop-5.2.5.RELEASE.jar;C:\Users\paul\.m2\repository\org\aspectj\aspectjweaver\1.9.5\aspectjweaver-1.9.5.jar;C:\Users\paul\.m2\repository\org\springframework\boot\spring-boot-starter-jdbc\2.2.6.RELEASE\spring-boot-starter-jdbc-2.2.6.RELEASE.jar;C:\Users\paul\.m2\repository\com\zaxxer\HikariCP\3.4.2\HikariCP-3.4.2.jar;C:\Users\paul\.m2\repository\org\springframework\spring-jdbc\5.2.5.RELEASE\spring-jdbc-5.2.5.RELEASE.jar;C:\Users\paul\.m2\repository\jakarta\activation\jakarta.activation-api\1.2.2\jakarta.activation-api-1.2.2.jar;C:\Users\paul\.m2\repository\jakarta\persistence\jakarta.persistence-api\2.2.3\jakarta.persistence-api-2.2.3.jar;C:\Users\paul\.m2\repository\jakarta\transaction\jakarta.transaction-api\1.3.3\jakarta.transaction-api-1.3.3.jar;C:\Users\paul\.m2\repository\org\hibernate\hibernate-core\5.4.12.Final\hibernate-core-5.4.12.Final.jar;C:\Users\paul\.m2\repository\org\jboss\logging\jboss-logging\3.4.1.Final\jboss-logging-3.4.1.Final.jar;C:\Users\paul\.m2\repository\org\javassist\javassist\3.24.0-GA\javassist-3.24.0-GA.jar;C:\Users\paul\.m2\repository\net\bytebuddy\byte-buddy\1.10.8\byte-buddy-1.10.8.jar;C:\Users\paul\.m2\repository\antlr\antlr\2.7.7\antlr-2.7.7.jar;C:\Users\paul\.m2\repository\org\jboss\jandex\2.1.1.Final\jandex-2.1.1.Final.jar;C:\Users\paul\.m2\repository\com\fasterxml\classmate\1.5.1\classmate-1.5.1.jar;C:\Users\paul\.m2\repository\org\dom4j\dom4j\2.1.1\dom4j-2.1.1.jar;C:\Users\paul\.m2\repository\org\hibernate\common\hibernate-commons-annotations\5.1.0.Final\hibernate-commons-annotations-5.1.0.Final.ja
Launcher Type: SUN_STANDARD

[Global flags]
     intx CICompilerCount                          = 2                                         {product} {ergonomic}
     uint ConcGCThreads                            = 1                                         {product} {ergonomic}
     uint G1ConcRefinementThreads                  = 2                                         {product} {ergonomic}
   size_t G1HeapRegionSize                         = 1048576                                   {product} {ergonomic}
    uintx GCDrainStackTargetSize                   = 64                                        {product} {ergonomic}
   size_t InitialHeapSize                          = 67108864                                  {product} {ergonomic}
     bool ManagementServer                         = true                                      {product} {command line}
   size_t MarkStackSize                            = 4194304                                   {product} {ergonomic}
   size_t MaxHeapSize                              = 1050673152                                {product} {ergonomic}
   size_t MaxNewSize                               = 630194176                                 {product} {ergonomic}
   size_t MinHeapDeltaBytes                        = 1048576                                   {product} {ergonomic}
   size_t MinHeapSize                              = 8388608                                   {product} {ergonomic}
    uintx NonNMethodCodeHeapSize                   = 6396312                                {pd product} {ergonomic}
    uintx NonProfiledCodeHeapSize                  = 245261928                              {pd product} {ergonomic}
    uintx ProfiledCodeHeapSize                     = 0                                      {pd product} {ergonomic}
    uintx ReservedCodeCacheSize                    = 251658240                              {pd product} {ergonomic}
     bool SegmentedCodeCache                       = true                                      {product} {ergonomic}
   size_t SoftMaxHeapSize                          = 1050673152                             {manageable} {ergonomic}
     intx TieredStopAtLevel                        = 1                                         {product} {command line}
     bool UseCompressedClassPointers               = true                                 {lp64_product} {ergonomic}
     bool UseCompressedOops                        = true                                 {lp64_product} {ergonomic}
     bool UseG1GC                                  = true                                      {product} {ergonomic}
     bool UseLargePagesIndividualAllocation        = false                                  {pd product} {ergonomic}

Logging:
Log output configuration:
 #0: stdout all=warning uptime,level,tags
 #1: stderr all=off uptime,level,tags

Environment Variables:
PATH=C:/Program Files/AdoptOpenJDK/jdk-13.0.2.8-hotspot/bin/client;C:/Program Files/AdoptOpenJDK/jdk-13.0.2.8-hotspot/bin;C:\Program Files\AdoptOpenJDK\jdk-13.0.2.8-hotspot\bin;C:\Program Files (x86)\Intel\TXE Components\TCS\;C:\Program Files\Intel\TXE Components\TCS\;C:\windows\system32;C:\windows;C:\windows\System32\Wbem;C:\windows\System32\WindowsPowerShell\v1.0\;C:\Program Files\Intel\TXE Components\DAL\;C:\Program Files (x86)\Intel\TXE Components\DAL\;C:\Program Files\Intel\TXE Components\IPT\;C:\Program Files (x86)\Intel\TXE Components\IPT\;C:\Program Files\Intel\WiFi\bin\;C:\Program Files\Common Files\Intel\WirelessCommon\;C:\Users\paul\AppData\Local\Microsoft\WindowsApps;;C:\Users\paul\eclipseHome\eclipse;
USERNAME=paul
OS=Windows_NT
PROCESSOR_IDENTIFIER=Intel64 Family 6 Model 76 Stepping 4, GenuineIntel



---------------  S Y S T E M  ---------------

OS: Windows 10 , 64 bit Build 14393 (10.0.14393.2214)

CPU:total 2 (initial active 2) (2 cores per cpu, 1 threads per core) family 6 model 76 stepping 4, cmov, cx8, fxsr, mmx, sse, sse2, sse3, ssse3, sse4.1, sse4.2, popcnt, aes, clmul, erms, 3dnowpref, tsc, tscinvbit

Memory: 4k page, system-wide physical 4001M (645M free)
TotalPageFile size 5936M (AvailPageFile size 5M)
current process WorkingSet (physical memory assigned to process): 140M, peak: 221M
current process commit charge ("private bytes"): 252M, peak: 253M

vm_info: OpenJDK 64-Bit Server VM (13.0.2+8) for windows-amd64 JRE (13.0.2+8), built on Jan 17 2020 10:38:43 by "" with MS VC++ 15.8 (VS2017)

END.
